{"C:\\Users\\USER\\tictactrip-justify-api\\src\\app.ts": {"path":"C:\\Users\\USER\\tictactrip-justify-api\\src\\app.ts","statementMap":{"0":{"start":{"line":6,"column":0},"end":{"line":6,"column":16}},"1":{"start":{"line":2,"column":0},"end":{"line":2,"column":30}},"2":{"start":{"line":3,"column":0},"end":{"line":3,"column":51}},"3":{"start":{"line":4,"column":0},"end":{"line":4,"column":55}},"4":{"start":{"line":7,"column":14},"end":{"line":7,"column":23}},"5":{"start":{"line":9,"column":2},"end":{"line":9,"column":26}},"6":{"start":{"line":10,"column":2},"end":{"line":10,"column":62}},"7":{"start":{"line":12,"column":2},"end":{"line":12,"column":60}},"8":{"start":{"line":12,"column":36},"end":{"line":12,"column":58}},"9":{"start":{"line":14,"column":2},"end":{"line":14,"column":31}},"10":{"start":{"line":15,"column":2},"end":{"line":15,"column":33}},"11":{"start":{"line":17,"column":2},"end":{"line":17,"column":13}}},"fnMap":{"0":{"name":"createApp","decl":{"start":{"line":6,"column":16},"end":{"line":6,"column":25}},"loc":{"start":{"line":6,"column":25},"end":{"line":18,"column":1}}},"1":{"name":"(anonymous_2)","decl":{"start":{"line":12,"column":21},"end":{"line":12,"column":22}},"loc":{"start":{"line":12,"column":36},"end":{"line":12,"column":58}}}},"branchMap":{},"s":{"0":1,"1":1,"2":1,"3":1,"4":1,"5":1,"6":1,"7":1,"8":0,"9":1,"10":1,"11":1},"f":{"0":1,"1":0},"b":{}}
,"C:\\Users\\USER\\tictactrip-justify-api\\src\\middleware\\auth.ts": {"path":"C:\\Users\\USER\\tictactrip-justify-api\\src\\middleware\\auth.ts","statementMap":{"0":{"start":{"line":4,"column":0},"end":{"line":4,"column":16}},"1":{"start":{"line":5,"column":12},"end":{"line":5,"column":45}},"2":{"start":{"line":6,"column":16},"end":{"line":6,"column":70}},"3":{"start":{"line":8,"column":2},"end":{"line":8,"column":70}},"4":{"start":{"line":8,"column":14},"end":{"line":8,"column":70}},"5":{"start":{"line":12,"column":3},"end":{"line":12,"column":29}},"6":{"start":{"line":13,"column":2},"end":{"line":13,"column":9}}},"fnMap":{"0":{"name":"authMiddleware","decl":{"start":{"line":4,"column":16},"end":{"line":4,"column":30}},"loc":{"start":{"line":4,"column":78},"end":{"line":14,"column":1}}}},"branchMap":{"0":{"loc":{"start":{"line":5,"column":12},"end":{"line":5,"column":45}},"type":"binary-expr","locations":[{"start":{"line":5,"column":12},"end":{"line":5,"column":39}},{"start":{"line":5,"column":43},"end":{"line":5,"column":45}}]},"1":{"loc":{"start":{"line":6,"column":16},"end":{"line":6,"column":70}},"type":"cond-expr","locations":[{"start":{"line":6,"column":42},"end":{"line":6,"column":59}},{"start":{"line":6,"column":62},"end":{"line":6,"column":70}}]},"2":{"loc":{"start":{"line":8,"column":2},"end":{"line":8,"column":70}},"type":"if","locations":[{"start":{"line":8,"column":2},"end":{"line":8,"column":70}},{"start":{},"end":{}}]}},"s":{"0":1,"1":3,"2":3,"3":3,"4":1,"5":2,"6":2},"f":{"0":3},"b":{"0":[3,1],"1":[2,1],"2":[1,2]}}
,"C:\\Users\\USER\\tictactrip-justify-api\\src\\middleware\\contentTypeTextPlain.ts": {"path":"C:\\Users\\USER\\tictactrip-justify-api\\src\\middleware\\contentTypeTextPlain.ts","statementMap":{"0":{"start":{"line":4,"column":0},"end":{"line":4,"column":16}},"1":{"start":{"line":5,"column":13},"end":{"line":5,"column":45}},"2":{"start":{"line":6,"column":2},"end":{"line":8,"column":3}},"3":{"start":{"line":7,"column":4},"end":{"line":7,"column":78}},"4":{"start":{"line":9,"column":2},"end":{"line":9,"column":9}}},"fnMap":{"0":{"name":"requireTextPlain","decl":{"start":{"line":4,"column":16},"end":{"line":4,"column":32}},"loc":{"start":{"line":4,"column":80},"end":{"line":10,"column":1}}}},"branchMap":{"0":{"loc":{"start":{"line":5,"column":13},"end":{"line":5,"column":45}},"type":"binary-expr","locations":[{"start":{"line":5,"column":13},"end":{"line":5,"column":39}},{"start":{"line":5,"column":43},"end":{"line":5,"column":45}}]},"1":{"loc":{"start":{"line":6,"column":2},"end":{"line":8,"column":3}},"type":"if","locations":[{"start":{"line":6,"column":2},"end":{"line":8,"column":3}},{"start":{},"end":{}}]}},"s":{"0":1,"1":2,"2":2,"3":1,"4":1},"f":{"0":2},"b":{"0":[2,0],"1":[1,1]}}
,"C:\\Users\\USER\\tictactrip-justify-api\\src\\routes\\justify.route.ts": {"path":"C:\\Users\\USER\\tictactrip-justify-api\\src\\routes\\justify.route.ts","statementMap":{"0":{"start":{"line":2,"column":0},"end":{"line":2,"column":33}},"1":{"start":{"line":3,"column":0},"end":{"line":3,"column":52}},"2":{"start":{"line":4,"column":0},"end":{"line":4,"column":70}},"3":{"start":{"line":5,"column":0},"end":{"line":5,"column":48}},"4":{"start":{"line":6,"column":0},"end":{"line":6,"column":64}},"5":{"start":{"line":7,"column":0},"end":{"line":7,"column":58}},"6":{"start":{"line":9,"column":13},"end":{"line":9,"column":38}},"7":{"start":{"line":12,"column":0},"end":{"line":28,"column":3}},"8":{"start":{"line":13,"column":17},"end":{"line":13,"column":44}},"9":{"start":{"line":14,"column":16},"end":{"line":14,"column":60}},"10":{"start":{"line":16,"column":16},"end":{"line":16,"column":33}},"11":{"start":{"line":17,"column":16},"end":{"line":17,"column":45}},"12":{"start":{"line":19,"column":2},"end":{"line":19,"column":58}},"13":{"start":{"line":20,"column":2},"end":{"line":20,"column":66}},"14":{"start":{"line":22,"column":2},"end":{"line":24,"column":3}},"15":{"start":{"line":23,"column":4},"end":{"line":23,"column":96}},"16":{"start":{"line":26,"column":14},"end":{"line":26,"column":36}},"17":{"start":{"line":27,"column":2},"end":{"line":27,"column":35}}},"fnMap":{"0":{"name":"(anonymous_0)","decl":{"start":{"line":12,"column":65},"end":{"line":12,"column":66}},"loc":{"start":{"line":12,"column":78},"end":{"line":28,"column":1}}}},"branchMap":{"0":{"loc":{"start":{"line":14,"column":16},"end":{"line":14,"column":60}},"type":"cond-expr","locations":[{"start":{"line":14,"column":47},"end":{"line":14,"column":55}},{"start":{"line":14,"column":58},"end":{"line":14,"column":60}}]},"1":{"loc":{"start":{"line":22,"column":2},"end":{"line":24,"column":3}},"type":"if","locations":[{"start":{"line":22,"column":2},"end":{"line":24,"column":3}},{"start":{},"end":{}}]}},"s":{"0":1,"1":1,"2":1,"3":1,"4":1,"5":1,"6":1,"7":1,"8":1,"9":1,"10":1,"11":1,"12":1,"13":1,"14":1,"15":0,"16":1,"17":1},"f":{"0":1},"b":{"0":[1,0],"1":[0,1]}}
,"C:\\Users\\USER\\tictactrip-justify-api\\src\\routes\\token.route.ts": {"path":"C:\\Users\\USER\\tictactrip-justify-api\\src\\routes\\token.route.ts","statementMap":{"0":{"start":{"line":2,"column":0},"end":{"line":2,"column":33}},"1":{"start":{"line":3,"column":0},"end":{"line":3,"column":58}},"2":{"start":{"line":5,"column":13},"end":{"line":5,"column":36}},"3":{"start":{"line":7,"column":0},"end":{"line":13,"column":3}},"4":{"start":{"line":8,"column":16},"end":{"line":8,"column":52}},"5":{"start":{"line":9,"column":2},"end":{"line":9,"column":74}},"6":{"start":{"line":9,"column":14},"end":{"line":9,"column":74}},"7":{"start":{"line":11,"column":16},"end":{"line":11,"column":36}},"8":{"start":{"line":12,"column":2},"end":{"line":12,"column":29}}},"fnMap":{"0":{"name":"(anonymous_0)","decl":{"start":{"line":7,"column":27},"end":{"line":7,"column":28}},"loc":{"start":{"line":7,"column":40},"end":{"line":13,"column":1}}}},"branchMap":{"0":{"loc":{"start":{"line":8,"column":23},"end":{"line":8,"column":44}},"type":"binary-expr","locations":[{"start":{"line":8,"column":23},"end":{"line":8,"column":38}},{"start":{"line":8,"column":42},"end":{"line":8,"column":44}}]},"1":{"loc":{"start":{"line":9,"column":2},"end":{"line":9,"column":74}},"type":"if","locations":[{"start":{"line":9,"column":2},"end":{"line":9,"column":74}},{"start":{},"end":{}}]}},"s":{"0":1,"1":1,"2":1,"3":1,"4":1,"5":1,"6":0,"7":1,"8":1},"f":{"0":1},"b":{"0":[1,0],"1":[0,1]}}
,"C:\\Users\\USER\\tictactrip-justify-api\\src\\services\\justify.service.ts": {"path":"C:\\Users\\USER\\tictactrip-justify-api\\src\\services\\justify.service.ts","statementMap":{"0":{"start":{"line":2,"column":0},"end":{"line":2,"column":16}},"1":{"start":{"line":4,"column":21},"end":{"line":6,"column":21}},"2":{"start":{"line":8,"column":30},"end":{"line":8,"column":79}},"3":{"start":{"line":8,"column":52},"end":{"line":8,"column":78}},"4":{"start":{"line":9,"column":2},"end":{"line":9,"column":42}},"5":{"start":{"line":13,"column":16},"end":{"line":17,"column":20}},"6":{"start":{"line":19,"column":2},"end":{"line":19,"column":36}},"7":{"start":{"line":19,"column":26},"end":{"line":19,"column":36}},"8":{"start":{"line":21,"column":26},"end":{"line":21,"column":28}},"9":{"start":{"line":22,"column":26},"end":{"line":22,"column":28}},"10":{"start":{"line":23,"column":19},"end":{"line":23,"column":20}},"11":{"start":{"line":25,"column":2},"end":{"line":36,"column":3}},"12":{"start":{"line":26,"column":20},"end":{"line":26,"column":41}},"13":{"start":{"line":27,"column":26},"end":{"line":27,"column":40}},"14":{"start":{"line":28,"column":4},"end":{"line":35,"column":5}},"15":{"start":{"line":29,"column":6},"end":{"line":29,"column":22}},"16":{"start":{"line":30,"column":6},"end":{"line":30,"column":27}},"17":{"start":{"line":32,"column":6},"end":{"line":32,"column":65}},"18":{"start":{"line":33,"column":6},"end":{"line":33,"column":20}},"19":{"start":{"line":34,"column":6},"end":{"line":34,"column":28}},"20":{"start":{"line":39,"column":2},"end":{"line":39,"column":60}},"21":{"start":{"line":40,"column":2},"end":{"line":40,"column":26}},"22":{"start":{"line":44,"column":2},"end":{"line":46,"column":3}},"23":{"start":{"line":45,"column":4},"end":{"line":45,"column":27}},"24":{"start":{"line":48,"column":15},"end":{"line":48,"column":31}},"25":{"start":{"line":49,"column":29},"end":{"line":49,"column":45}},"26":{"start":{"line":51,"column":15},"end":{"line":51,"column":52}},"27":{"start":{"line":52,"column":14},"end":{"line":52,"column":39}},"28":{"start":{"line":54,"column":12},"end":{"line":54,"column":14}},"29":{"start":{"line":55,"column":2},"end":{"line":62,"column":3}},"30":{"start":{"line":55,"column":15},"end":{"line":55,"column":16}},"31":{"start":{"line":56,"column":4},"end":{"line":56,"column":20}},"32":{"start":{"line":57,"column":4},"end":{"line":61,"column":5}},"33":{"start":{"line":58,"column":20},"end":{"line":58,"column":46}},"34":{"start":{"line":59,"column":6},"end":{"line":59,"column":29}},"35":{"start":{"line":59,"column":21},"end":{"line":59,"column":29}},"36":{"start":{"line":60,"column":6},"end":{"line":60,"column":31}},"37":{"start":{"line":63,"column":2},"end":{"line":63,"column":13}}},"fnMap":{"0":{"name":"justifyText","decl":{"start":{"line":2,"column":16},"end":{"line":2,"column":27}},"loc":{"start":{"line":2,"column":53},"end":{"line":10,"column":1}}},"1":{"name":"(anonymous_1)","decl":{"start":{"line":8,"column":45},"end":{"line":8,"column":46}},"loc":{"start":{"line":8,"column":52},"end":{"line":8,"column":78}}},"2":{"name":"justifyParagraph","decl":{"start":{"line":12,"column":9},"end":{"line":12,"column":25}},"loc":{"start":{"line":12,"column":58},"end":{"line":41,"column":1}}},"3":{"name":"justifyLine","decl":{"start":{"line":43,"column":9},"end":{"line":43,"column":20}},"loc":{"start":{"line":43,"column":86},"end":{"line":64,"column":1}}}},"branchMap":{"0":{"loc":{"start":{"line":2,"column":43},"end":{"line":2,"column":53}},"type":"default-arg","locations":[{"start":{"line":2,"column":51},"end":{"line":2,"column":53}}]},"1":{"loc":{"start":{"line":19,"column":2},"end":{"line":19,"column":36}},"type":"if","locations":[{"start":{"line":19,"column":2},"end":{"line":19,"column":36}},{"start":{},"end":{}}]},"2":{"loc":{"start":{"line":28,"column":4},"end":{"line":35,"column":5}},"type":"if","locations":[{"start":{"line":28,"column":4},"end":{"line":35,"column":5}},{"start":{"line":31,"column":11},"end":{"line":35,"column":5}}]},"3":{"loc":{"start":{"line":44,"column":2},"end":{"line":46,"column":3}},"type":"if","locations":[{"start":{"line":44,"column":2},"end":{"line":46,"column":3}},{"start":{},"end":{}}]},"4":{"loc":{"start":{"line":44,"column":6},"end":{"line":44,"column":34}},"type":"binary-expr","locations":[{"start":{"line":44,"column":6},"end":{"line":44,"column":24}},{"start":{"line":44,"column":28},"end":{"line":44,"column":34}}]},"5":{"loc":{"start":{"line":57,"column":4},"end":{"line":61,"column":5}},"type":"if","locations":[{"start":{"line":57,"column":4},"end":{"line":61,"column":5}},{"start":{},"end":{}}]},"6":{"loc":{"start":{"line":58,"column":28},"end":{"line":58,"column":45}},"type":"cond-expr","locations":[{"start":{"line":58,"column":40},"end":{"line":58,"column":41}},{"start":{"line":58,"column":44},"end":{"line":58,"column":45}}]},"7":{"loc":{"start":{"line":59,"column":6},"end":{"line":59,"column":29}},"type":"if","locations":[{"start":{"line":59,"column":6},"end":{"line":59,"column":29}},{"start":{},"end":{}}]}},"s":{"0":1,"1":1,"2":1,"3":1,"4":1,"5":1,"6":1,"7":0,"8":1,"9":1,"10":1,"11":1,"12":14,"13":14,"14":14,"15":14,"16":14,"17":0,"18":0,"19":0,"20":1,"21":1,"22":1,"23":1,"24":0,"25":0,"26":0,"27":0,"28":0,"29":0,"30":0,"31":0,"32":0,"33":0,"34":0,"35":0,"36":0,"37":0},"f":{"0":1,"1":1,"2":1,"3":1},"b":{"0":[0],"1":[0,1],"2":[14,0],"3":[1,0],"4":[1,1],"5":[0,0],"6":[0,0],"7":[0,0]}}
,"C:\\Users\\USER\\tictactrip-justify-api\\src\\services\\rateLimit.service.ts": {"path":"C:\\Users\\USER\\tictactrip-justify-api\\src\\services\\rateLimit.service.ts","statementMap":{"0":{"start":{"line":7,"column":0},"end":{"line":7,"column":16}},"1":{"start":{"line":2,"column":0},"end":{"line":2,"column":42}},"2":{"start":{"line":4,"column":14},"end":{"line":4,"column":19}},"3":{"start":{"line":5,"column":14},"end":{"line":5,"column":39}},"4":{"start":{"line":8,"column":14},"end":{"line":8,"column":36}},"5":{"start":{"line":9,"column":18},"end":{"line":9,"column":37}},"6":{"start":{"line":11,"column":2},"end":{"line":18,"column":3}},"7":{"start":{"line":12,"column":4},"end":{"line":17,"column":6}},"8":{"start":{"line":20,"column":19},"end":{"line":20,"column":34}},"9":{"start":{"line":21,"column":2},"end":{"line":21,"column":27}},"10":{"start":{"line":23,"column":2},"end":{"line":28,"column":4}}},"fnMap":{"0":{"name":"checkAndConsume","decl":{"start":{"line":7,"column":16},"end":{"line":7,"column":31}},"loc":{"start":{"line":7,"column":60},"end":{"line":29,"column":1}}}},"branchMap":{"0":{"loc":{"start":{"line":9,"column":18},"end":{"line":9,"column":37}},"type":"binary-expr","locations":[{"start":{"line":9,"column":18},"end":{"line":9,"column":32}},{"start":{"line":9,"column":36},"end":{"line":9,"column":37}}]},"1":{"loc":{"start":{"line":11,"column":2},"end":{"line":18,"column":3}},"type":"if","locations":[{"start":{"line":11,"column":2},"end":{"line":18,"column":3}},{"start":{},"end":{}}]}},"s":{"0":1,"1":1,"2":1,"3":1,"4":1,"5":1,"6":1,"7":0,"8":1,"9":1,"10":1},"f":{"0":1},"b":{"0":[1,1],"1":[0,1]}}
,"C:\\Users\\USER\\tictactrip-justify-api\\src\\services\\token.service.ts": {"path":"C:\\Users\\USER\\tictactrip-justify-api\\src\\services\\token.service.ts","statementMap":{"0":{"start":{"line":6,"column":0},"end":{"line":6,"column":16}},"1":{"start":{"line":2,"column":0},"end":{"line":2,"column":28}},"2":{"start":{"line":4,"column":15},"end":{"line":4,"column":65}},"3":{"start":{"line":7,"column":2},"end":{"line":7,"column":95}}},"fnMap":{"0":{"name":"generateToken","decl":{"start":{"line":6,"column":16},"end":{"line":6,"column":29}},"loc":{"start":{"line":6,"column":43},"end":{"line":8,"column":1}}}},"branchMap":{"0":{"loc":{"start":{"line":4,"column":15},"end":{"line":4,"column":65}},"type":"binary-expr","locations":[{"start":{"line":4,"column":15},"end":{"line":4,"column":39}},{"start":{"line":4,"column":43},"end":{"line":4,"column":65}}]}},"s":{"0":1,"1":1,"2":1,"3":1},"f":{"0":1},"b":{"0":[1,1]}}
,"C:\\Users\\USER\\tictactrip-justify-api\\src\\utils\\dateKey.ts": {"path":"C:\\Users\\USER\\tictactrip-justify-api\\src\\utils\\dateKey.ts","statementMap":{"0":{"start":{"line":2,"column":0},"end":{"line":2,"column":16}},"1":{"start":{"line":3,"column":12},"end":{"line":3,"column":30}},"2":{"start":{"line":4,"column":12},"end":{"line":4,"column":56}},"3":{"start":{"line":5,"column":14},"end":{"line":5,"column":53}},"4":{"start":{"line":6,"column":2},"end":{"line":6,"column":28}}},"fnMap":{"0":{"name":"dayKey","decl":{"start":{"line":2,"column":16},"end":{"line":2,"column":22}},"loc":{"start":{"line":2,"column":37},"end":{"line":7,"column":1}}}},"branchMap":{"0":{"loc":{"start":{"line":2,"column":23},"end":{"line":2,"column":37}},"type":"default-arg","locations":[{"start":{"line":2,"column":27},"end":{"line":2,"column":37}}]}},"s":{"0":1,"1":1,"2":1,"3":1,"4":1},"f":{"0":1},"b":{"0":[1]}}
,"C:\\Users\\USER\\tictactrip-justify-api\\src\\utils\\wordCount.ts": {"path":"C:\\Users\\USER\\tictactrip-justify-api\\src\\utils\\wordCount.ts","statementMap":{"0":{"start":{"line":2,"column":0},"end":{"line":2,"column":16}},"1":{"start":{"line":3,"column":18},"end":{"line":3,"column":29}},"2":{"start":{"line":4,"column":2},"end":{"line":4,"column":25}},"3":{"start":{"line":4,"column":16},"end":{"line":4,"column":25}},"4":{"start":{"line":5,"column":2},"end":{"line":5,"column":53}}},"fnMap":{"0":{"name":"countWords","decl":{"start":{"line":2,"column":16},"end":{"line":2,"column":26}},"loc":{"start":{"line":2,"column":39},"end":{"line":6,"column":1}}}},"branchMap":{"0":{"loc":{"start":{"line":4,"column":2},"end":{"line":4,"column":25}},"type":"if","locations":[{"start":{"line":4,"column":2},"end":{"line":4,"column":25}},{"start":{},"end":{}}]}},"s":{"0":1,"1":1,"2":1,"3":0,"4":1},"f":{"0":1},"b":{"0":[0,1]}}
}
