TN:
SF:src\app.ts
FN:6,createApp
FN:12,(anonymous_2)
FNF:2
FNH:1
FNDA:1,createApp
FNDA:0,(anonymous_2)
DA:2,1
DA:3,1
DA:4,1
DA:6,1
DA:7,1
DA:9,1
DA:10,1
DA:12,1
DA:14,1
DA:15,1
DA:17,1
LF:11
LH:11
BRF:0
BRH:0
end_of_record
TN:
SF:src\middleware\auth.ts
FN:4,authMiddleware
FNF:1
FNH:1
FNDA:3,authMiddleware
DA:4,1
DA:5,3
DA:6,3
DA:8,3
DA:12,2
DA:13,2
LF:6
LH:6
BRDA:5,0,0,3
BRDA:5,0,1,1
BRDA:6,1,0,2
BRDA:6,1,1,1
BRDA:8,2,0,1
BRDA:8,2,1,2
BRF:6
BRH:6
end_of_record
TN:
SF:src\middleware\contentTypeTextPlain.ts
FN:4,requireTextPlain
FNF:1
FNH:1
FNDA:2,requireTextPlain
DA:4,1
DA:5,2
DA:6,2
DA:7,1
DA:9,1
LF:5
LH:5
BRDA:5,0,0,2
BRDA:5,0,1,0
BRDA:6,1,0,1
BRDA:6,1,1,1
BRF:4
BRH:3
end_of_record
TN:
SF:src\routes\justify.route.ts
FN:12,(anonymous_0)
FNF:1
FNH:1
FNDA:1,(anonymous_0)
DA:2,1
DA:3,1
DA:4,1
DA:5,1
DA:6,1
DA:7,1
DA:9,1
DA:12,1
DA:13,1
DA:14,1
DA:16,1
DA:17,1
DA:19,1
DA:20,1
DA:22,1
DA:23,0
DA:26,1
DA:27,1
LF:18
LH:17
BRDA:14,0,0,1
BRDA:14,0,1,0
BRDA:22,1,0,0
BRDA:22,1,1,1
BRF:4
BRH:2
end_of_record
TN:
SF:src\routes\token.route.ts
FN:7,(anonymous_0)
FNF:1
FNH:1
FNDA:1,(anonymous_0)
DA:2,1
DA:3,1
DA:5,1
DA:7,1
DA:8,1
DA:9,1
DA:11,1
DA:12,1
LF:8
LH:8
BRDA:8,0,0,1
BRDA:8,0,1,0
BRDA:9,1,0,0
BRDA:9,1,1,1
BRF:4
BRH:2
end_of_record
TN:
SF:src\services\justify.service.ts
FN:2,justifyText
FN:8,(anonymous_1)
FN:12,justifyParagraph
FN:43,justifyLine
FNF:4
FNH:4
FNDA:1,justifyText
FNDA:1,(anonymous_1)
FNDA:1,justifyParagraph
FNDA:1,justifyLine
DA:2,1
DA:4,1
DA:8,1
DA:9,1
DA:13,1
DA:19,1
DA:21,1
DA:22,1
DA:23,1
DA:25,1
DA:26,14
DA:27,14
DA:28,14
DA:29,14
DA:30,14
DA:32,0
DA:33,0
DA:34,0
DA:39,1
DA:40,1
DA:44,1
DA:45,1
DA:48,0
DA:49,0
DA:51,0
DA:52,0
DA:54,0
DA:55,0
DA:56,0
DA:57,0
DA:58,0
DA:59,0
DA:60,0
DA:63,0
LF:34
LH:19
BRDA:2,0,0,0
BRDA:19,1,0,0
BRDA:19,1,1,1
BRDA:28,2,0,14
BRDA:28,2,1,0
BRDA:44,3,0,1
BRDA:44,3,1,0
BRDA:44,4,0,1
BRDA:44,4,1,1
BRDA:57,5,0,0
BRDA:57,5,1,0
BRDA:58,6,0,0
BRDA:58,6,1,0
BRDA:59,7,0,0
BRDA:59,7,1,0
BRF:15
BRH:5
end_of_record
TN:
SF:src\services\rateLimit.service.ts
FN:7,checkAndConsume
FNF:1
FNH:1
FNDA:1,checkAndConsume
DA:2,1
DA:4,1
DA:5,1
DA:7,1
DA:8,1
DA:9,1
DA:11,1
DA:12,0
DA:20,1
DA:21,1
DA:23,1
LF:11
LH:10
BRDA:9,0,0,1
BRDA:9,0,1,1
BRDA:11,1,0,0
BRDA:11,1,1,1
BRF:4
BRH:3
end_of_record
TN:
SF:src\services\token.service.ts
FN:6,generateToken
FNF:1
FNH:1
FNDA:1,generateToken
DA:2,1
DA:4,1
DA:6,1
DA:7,1
LF:4
LH:4
BRDA:4,0,0,1
BRDA:4,0,1,1
BRF:2
BRH:2
end_of_record
TN:
SF:src\utils\dateKey.ts
FN:2,dayKey
FNF:1
FNH:1
FNDA:1,dayKey
DA:2,1
DA:3,1
DA:4,1
DA:5,1
DA:6,1
LF:5
LH:5
BRDA:2,0,0,1
BRF:1
BRH:1
end_of_record
TN:
SF:src\utils\wordCount.ts
FN:2,countWords
FNF:1
FNH:1
FNDA:1,countWords
DA:2,1
DA:3,1
DA:4,1
DA:5,1
LF:4
LH:4
BRDA:4,0,0,0
BRDA:4,0,1,1
BRF:2
BRH:1
end_of_record
